<?xml version="1.0" encoding="UTF-8"?>
<!-- Generated by org.testng.reporters.JUnitReportReporter -->
<testsuite name="com.microservices.tests.PMPAdminTests" tests="7" time="79.840" ignored="0" failures="0" timestamp="13 Oct 2017 05:48:15 GMT" skipped="0" hostname="QINDW112" errors="0">
  <testcase name="verifyAdminCreation" time="21.308" classname="com.microservices.tests.PMPAdminTests"/>
  <testcase name="verifyPartnerUserCreation" time="3.151" classname="com.microservices.tests.PMPAdminTests"/>
  <testcase name="verifyLogout" time="5.240" classname="com.microservices.tests.PMPAdminTests"/>
  <testcase name="verifyPMPPageLoaded" time="6.352" classname="com.microservices.tests.PMPAdminTests"/>
  <testcase name="verifyPartnerCreation" time="26.148" classname="com.microservices.tests.PMPAdminTests"/>
  <testcase name="verifyPartnerDeletion" time="11.418" classname="com.microservices.tests.PMPAdminTests"/>
  <testcase name="verifyLogin" time="6.223" classname="com.microservices.tests.PMPAdminTests"/>
</testsuite> <!-- com.microservices.tests.PMPAdminTests -->
