<?xml version="1.0" encoding="UTF-8"?>
<!-- Generated by org.testng.reporters.JUnitReportReporter -->
<testsuite skipped="0" hostname="QINDW112" name="com.microservices.tests.TestClass" tests="3" failures="0" timestamp="09 Oct 2017 07:29:17 GMT" time="34.476" errors="0">
  <testcase name="verifyPMPPageLoaded" time="11.278" classname="com.microservices.tests.TestClass"/>
  <testcase name="verifyAdminCreation" time="21.328" classname="com.microservices.tests.TestClass"/>
  <testcase name="verifyAdminDeletion" time="1.870" classname="com.microservices.tests.TestClass"/>
</testsuite> <!-- com.microservices.tests.TestClass -->
