<?xml version="1.0" encoding="UTF-8"?>
<!-- Generated by org.testng.reporters.JUnitReportReporter -->
<testsuite skipped="0" hostname="QINDW112" name="com.microservices.tests.TestClass2" tests="3" failures="0" timestamp="12 Oct 2017 06:40:17 GMT" time="68.834" errors="0">
  <testcase name="verifyPMPPageLoaded" time="35.676" classname="com.microservices.tests.TestClass2"/>
  <testcase name="verifyAdminCreation" time="21.386" classname="com.microservices.tests.TestClass2"/>
  <testcase name="verifyAdminDeletion" time="11.772" classname="com.microservices.tests.TestClass2"/>
</testsuite> <!-- com.microservices.tests.TestClass2 -->
