<?xml version="1.0" encoding="UTF-8"?>
<!-- Generated by org.testng.reporters.JUnitReportReporter -->
<testsuite skipped="0" hostname="QINDW112" name="com.microservices.tests.PMPTests" tests="9" failures="0" timestamp="01 Sep 2017 11:44:45 GMT" time="73.903" errors="0">
  <testcase name="verifyPMPPageLoaded" time="2.213" classname="com.microservices.tests.PMPTests"/>
  <testcase name="verifyLogin" time="5.734" classname="com.microservices.tests.PMPTests"/>
  <testcase name="verifyLogout" time="2.218" classname="com.microservices.tests.PMPTests"/>
  <testcase name="verifyAdminCreation" time="16.865" classname="com.microservices.tests.PMPTests"/>
  <testcase name="verifyPartnerCreation" time="11.991" classname="com.microservices.tests.PMPTests"/>
  <testcase name="verifyPartnerUserCreation" time="21.915" classname="com.microservices.tests.PMPTests"/>
  <testcase name="verifyDeletePartnerUser" time="4.368" classname="com.microservices.tests.PMPTests"/>
  <testcase name="verifySingleSignOnCreation" time="4.355" classname="com.microservices.tests.PMPTests"/>
  <testcase name="verifyPartnerDeletion" time="4.244" classname="com.microservices.tests.PMPTests"/>
</testsuite> <!-- com.microservices.tests.PMPTests -->
