<?xml version="1.0" encoding="UTF-8"?>
<!-- Generated by org.testng.reporters.JUnitReportReporter -->
<testsuite skipped="0" hostname="QINDW112" name="com.microservices.tests.test" tests="1" failures="0" timestamp="24 Aug 2017 17:18:59 GMT" time="21.354" errors="0">
  <testcase name="verifyAdminCreation" time="21.354" classname="com.microservices.tests.test"/>
</testsuite> <!-- com.microservices.tests.test -->
