<?xml version="1.0" encoding="UTF-8"?>
<!-- Generated by org.testng.reporters.JUnitReportReporter -->
<testsuite skipped="0" hostname="QINDW112" name="test" tests="1" failures="0" timestamp="08 Aug 2017 05:11:52 GMT" time="0.005" errors="0">
  <testcase name="f1" time="0.005" classname="test"/>
</testsuite> <!-- test -->
