<?xml version="1.0" encoding="UTF-8"?>
<!-- Generated by org.testng.reporters.JUnitReportReporter -->
<testsuite name="com.microservices.tests.PMPAdminTestsDevelopment" tests="5" time="58.450" ignored="0" failures="0" timestamp="12 Oct 2017 10:33:07 GMT" skipped="0" hostname="QINDW112" errors="0">
  <testcase name="verifyAdminCreation" time="21.296" classname="com.microservices.tests.PMPAdminTestsDevelopment"/>
  <testcase name="verifyLogout" time="5.263" classname="com.microservices.tests.PMPAdminTestsDevelopment"/>
  <testcase name="verifyPMPPageLoaded" time="12.956" classname="com.microservices.tests.PMPAdminTestsDevelopment"/>
  <testcase name="verifyAdminDeletion" time="13.038" classname="com.microservices.tests.PMPAdminTestsDevelopment"/>
  <testcase name="verifyLogin" time="5.897" classname="com.microservices.tests.PMPAdminTestsDevelopment"/>
</testsuite> <!-- com.microservices.tests.PMPAdminTestsDevelopment -->
