<?xml version="1.0" encoding="UTF-8"?>
<!-- Generated by org.testng.reporters.JUnitReportReporter -->
<testsuite skipped="0" hostname="QINDW112" name="com.microservices.tests.PartnerPortalTests" tests="1" failures="0" timestamp="12 Oct 2017 05:43:45 GMT" time="46.233" errors="0">
  <testcase name="verifyPPpageLoaded" time="46.233" classname="com.microservices.tests.PartnerPortalTests"/>
</testsuite> <!-- com.microservices.tests.PartnerPortalTests -->
